<?xml version="1.0" encoding="utf-8"?><testsuites name="pytest tests"><testsuite name="pytest" errors="0" failures="0" skipped="0" tests="14" time="8.665" timestamp="2026-07-16T17:46:50.574426+00:00" hostname="agent-env-1f3c9201-4df6-48ad-a543-637b2280d011"><testcase classname="tests.backend_test.TestTestFlow" name="test_test_scheduling_and_window" time="2.745" /><testcase classname="tests.backend_test.TestAuth" name="test_admin_login_sets_cookies" time="0.731" /><testcase classname="tests.backend_test.TestAuth" name="test_me_with_session" time="0.445" /><testcase classname="tests.backend_test.TestAuth" name="test_logout_clears_cookies" time="0.699" /><testcase classname="tests.backend_test.TestAuth" name="test_register_student_with_referral" time="0.768" /><testcase classname="tests.backend_test.TestAuth" name="test_login_invalid_creds" time="0.344" /><testcase classname="tests.backend_test.TestTestFlow" name="test_final_test_prerequisite_lock" time="1.458" /><testcase classname="tests.backend_test.TestQuestions" name="test_admin_crud_and_student_forbidden" time="1.364" /><testcase classname="tests.backend_test" name="test_health" time="0.113" /><testcase classname="tests.backend_test.TestLeaderboardReferrals" name="test_leaderboard_and_referrals" time="0.620" /><testcase classname="tests.backend_test.TestVideos" name="test_video_crud_and_visibility" time="1.401" /><testcase classname="tests.backend_test.TestSuperadmin" name="test_superadmin_can_create_admin_admin_cannot" time="1.490" /><testcase classname="tests.backend_test.TestPlansAndPayments" name="test_admin_creates_plan_and_checkout" time="1.888" /><testcase classname="tests.backend_test.TestAnnouncements" name="test_announcements_create_and_audience" time="1.631" /></testsuite></testsuites>